2020-09-18 19:13:36.257  INFO 18664 --- [restartedMain] EmployeemanagementapplicationApplication : Starting EmployeemanagementapplicationApplication on HYDPCM364477L with PID 18664 (C:\Users\sai.dhanukonda\git\FullStackProject\employeemanagementapplication\target\classes started by sai.dhanukonda in C:\Users\sai.dhanukonda\git\FullStackProject\employeemanagementapplication)
2020-09-18 19:13:36.266  INFO 18664 --- [restartedMain] EmployeemanagementapplicationApplication : The following profiles are active: dev
2020-09-18 19:13:36.384  INFO 18664 --- [restartedMain] .e.DevToolsPropertyDefaultsPostProcessor : Devtools property defaults active! Set 'spring.devtools.add-properties' to 'false' to disable
2020-09-18 19:13:36.384  INFO 18664 --- [restartedMain] .e.DevToolsPropertyDefaultsPostProcessor : For additional web related logging consider setting the 'logging.level.web' property to 'DEBUG'
2020-09-18 19:13:37.785  INFO 18664 --- [restartedMain] .s.d.r.c.RepositoryConfigurationDelegate : Bootstrapping Spring Data JPA repositories in DEFERRED mode.
2020-09-18 19:13:37.903  INFO 18664 --- [restartedMain] .s.d.r.c.RepositoryConfigurationDelegate : Finished Spring Data repository scanning in 104ms. Found 2 JPA repository interfaces.
2020-09-18 19:13:39.313  INFO 18664 --- [restartedMain] o.s.b.w.embedded.tomcat.TomcatWebServer  : Tomcat initialized with port(s): 8081 (http)
2020-09-18 19:13:39.330  INFO 18664 --- [restartedMain] o.apache.catalina.core.StandardService   : Starting service [Tomcat]
2020-09-18 19:13:39.330  INFO 18664 --- [restartedMain] org.apache.catalina.core.StandardEngine  : Starting Servlet engine: [Apache Tomcat/9.0.37]
2020-09-18 19:13:39.475  INFO 18664 --- [restartedMain] o.a.c.c.C.[.[localhost].[/employeedev]   : Initializing Spring embedded WebApplicationContext
2020-09-18 19:13:39.475  INFO 18664 --- [restartedMain] w.s.c.ServletWebServerApplicationContext : Root WebApplicationContext: initialization completed in 3081 ms
2020-09-18 19:13:39.585  INFO 18664 --- [restartedMain] com.zaxxer.hikari.HikariDataSource       : HikariPool-1 - Starting...
2020-09-18 19:13:39.746  INFO 18664 --- [restartedMain] com.zaxxer.hikari.HikariDataSource       : HikariPool-1 - Start completed.
2020-09-18 19:13:39.796  INFO 18664 --- [restartedMain] o.s.b.a.h2.H2ConsoleAutoConfiguration    : H2 console available at '/h2-console'. Database available at 'jdbc:h2:mem:test'
2020-09-18 19:13:39.929  INFO 18664 --- [restartedMain] o.s.b.d.a.OptionalLiveReloadServer       : LiveReload server is running on port 35729
2020-09-18 19:13:40.046  INFO 18664 --- [restartedMain] o.s.s.concurrent.ThreadPoolTaskExecutor  : Initializing ExecutorService 'applicationTaskExecutor'
2020-09-18 19:13:40.154  INFO 18664 --- [task-1] o.hibernate.jpa.internal.util.LogHelper  : HHH000204: Processing PersistenceUnitInfo [name: default]
2020-09-18 19:13:40.246  INFO 18664 --- [task-1] org.hibernate.Version                    : HHH000412: Hibernate ORM core version 5.4.20.Final
2020-09-18 19:13:40.345  WARN 18664 --- [restartedMain] JpaBaseConfiguration$JpaWebConfiguration : spring.jpa.open-in-view is enabled by default. Therefore, database queries may be performed during view rendering. Explicitly configure spring.jpa.open-in-view to disable this warning
2020-09-18 19:13:40.494  INFO 18664 --- [task-1] o.hibernate.annotations.common.Version   : HCANN000001: Hibernate Commons Annotations {5.1.0.Final}
2020-09-18 19:13:40.693  INFO 18664 --- [task-1] org.hibernate.dialect.Dialect            : HHH000400: Using dialect: org.hibernate.dialect.H2Dialect
2020-09-18 19:13:41.070  INFO 18664 --- [restartedMain] o.s.b.w.embedded.tomcat.TomcatWebServer  : Tomcat started on port(s): 8081 (http) with context path '/employeedev'
2020-09-18 19:13:41.070  INFO 18664 --- [restartedMain] DeferredRepositoryInitializationListener : Triggering deferred initialization of Spring Data repositories…
2020-09-18 19:13:41.867  INFO 18664 --- [task-1] o.h.e.t.j.p.i.JtaPlatformInitiator       : HHH000490: Using JtaPlatform implementation: [org.hibernate.engine.transaction.jta.platform.internal.NoJtaPlatform]
2020-09-18 19:13:41.891  INFO 18664 --- [task-1] j.LocalContainerEntityManagerFactoryBean : Initialized JPA EntityManagerFactory for persistence unit 'default'
2020-09-18 19:13:42.227  INFO 18664 --- [restartedMain] DeferredRepositoryInitializationListener : Spring Data repositories initialized!
2020-09-18 19:13:42.251  INFO 18664 --- [restartedMain] EmployeemanagementapplicationApplication : Started EmployeemanagementapplicationApplication in 6.764 seconds (JVM running for 8.593)
2020-09-18 19:14:19.117  INFO 18664 --- [http-nio-8081-exec-2] o.a.c.c.C.[.[localhost].[/employeedev]   : Initializing Spring DispatcherServlet 'dispatcherServlet'
2020-09-18 19:14:19.117  INFO 18664 --- [http-nio-8081-exec-2] o.s.web.servlet.DispatcherServlet        : Initializing Servlet 'dispatcherServlet'
2020-09-18 19:14:19.133  INFO 18664 --- [http-nio-8081-exec-2] o.s.web.servlet.DispatcherServlet        : Completed initialization in 12 ms
2020-09-18 19:14:19.358 ERROR 18664 --- [http-nio-8081-exec-2] c.i.e.api.EmployeeAPI                    : EmployeeService.EMPLOYEE_DOES_NOT_EXISTS
2020-09-18 19:16:02.762  INFO 18664 --- [Thread-10] j.LocalContainerEntityManagerFactoryBean : Closing JPA EntityManagerFactory for persistence unit 'default'
2020-09-18 19:16:02.762  INFO 18664 --- [Thread-10] o.s.s.concurrent.ThreadPoolTaskExecutor  : Shutting down ExecutorService 'applicationTaskExecutor'
2020-09-18 19:16:02.771  WARN 18664 --- [Thread-10] o.s.b.f.support.DisposableBeanAdapter    : Invocation of destroy method failed on bean with name 'inMemoryDatabaseShutdownExecutor': org.h2.jdbc.JdbcSQLNonTransientConnectionException: Database is already closed (to disable automatic closing at VM shutdown, add ";DB_CLOSE_ON_EXIT=FALSE" to the db URL) [90121-199]
2020-09-18 19:16:02.771  INFO 18664 --- [Thread-10] com.zaxxer.hikari.HikariDataSource       : HikariPool-1 - Shutdown initiated...
2020-09-18 19:16:02.779  INFO 18664 --- [Thread-10] com.zaxxer.hikari.HikariDataSource       : HikariPool-1 - Shutdown completed.
