2020-09-18 18:21:09.320  INFO 12608 --- [restartedMain] EmployeemanagementapplicationApplication : Starting EmployeemanagementapplicationApplication on HYDPCM364477L with PID 12608 (C:\Users\sai.dhanukonda\git\FullStackProject\employeemanagementapplication\target\classes started by sai.dhanukonda in C:\Users\sai.dhanukonda\git\FullStackProject\employeemanagementapplication)
2020-09-18 18:21:09.327  INFO 12608 --- [restartedMain] EmployeemanagementapplicationApplication : The following profiles are active: dev
2020-09-18 18:21:09.428  INFO 12608 --- [restartedMain] .e.DevToolsPropertyDefaultsPostProcessor : Devtools property defaults active! Set 'spring.devtools.add-properties' to 'false' to disable
2020-09-18 18:21:09.428  INFO 12608 --- [restartedMain] .e.DevToolsPropertyDefaultsPostProcessor : For additional web related logging consider setting the 'logging.level.web' property to 'DEBUG'
2020-09-18 18:21:10.856  INFO 12608 --- [restartedMain] .s.d.r.c.RepositoryConfigurationDelegate : Bootstrapping Spring Data JPA repositories in DEFERRED mode.
2020-09-18 18:21:11.061  INFO 12608 --- [restartedMain] .s.d.r.c.RepositoryConfigurationDelegate : Finished Spring Data repository scanning in 172ms. Found 2 JPA repository interfaces.
2020-09-18 18:21:12.613  INFO 12608 --- [restartedMain] o.s.b.w.embedded.tomcat.TomcatWebServer  : Tomcat initialized with port(s): 8081 (http)
2020-09-18 18:21:12.638  INFO 12608 --- [restartedMain] o.apache.catalina.core.StandardService   : Starting service [Tomcat]
2020-09-18 18:21:12.638  INFO 12608 --- [restartedMain] org.apache.catalina.core.StandardEngine  : Starting Servlet engine: [Apache Tomcat/9.0.37]
2020-09-18 18:21:12.847  INFO 12608 --- [restartedMain] o.a.c.c.C.[.[localhost].[/employeedev]   : Initializing Spring embedded WebApplicationContext
2020-09-18 18:21:12.848  INFO 12608 --- [restartedMain] w.s.c.ServletWebServerApplicationContext : Root WebApplicationContext: initialization completed in 3411 ms
2020-09-18 18:21:13.002  INFO 12608 --- [restartedMain] com.zaxxer.hikari.HikariDataSource       : HikariPool-1 - Starting...
2020-09-18 18:21:13.185  INFO 12608 --- [restartedMain] com.zaxxer.hikari.HikariDataSource       : HikariPool-1 - Start completed.
2020-09-18 18:21:13.242  INFO 12608 --- [restartedMain] o.s.b.a.h2.H2ConsoleAutoConfiguration    : H2 console available at '/h2-console'. Database available at 'jdbc:h2:mem:test'
2020-09-18 18:21:13.398  INFO 12608 --- [restartedMain] o.s.b.d.a.OptionalLiveReloadServer       : LiveReload server is running on port 35729
2020-09-18 18:21:13.518  INFO 12608 --- [restartedMain] o.s.s.concurrent.ThreadPoolTaskExecutor  : Initializing ExecutorService 'applicationTaskExecutor'
2020-09-18 18:21:13.597  INFO 12608 --- [task-1] o.hibernate.jpa.internal.util.LogHelper  : HHH000204: Processing PersistenceUnitInfo [name: default]
2020-09-18 18:21:13.697  INFO 12608 --- [task-1] org.hibernate.Version                    : HHH000412: Hibernate ORM core version 5.4.20.Final
2020-09-18 18:21:13.764  WARN 12608 --- [restartedMain] JpaBaseConfiguration$JpaWebConfiguration : spring.jpa.open-in-view is enabled by default. Therefore, database queries may be performed during view rendering. Explicitly configure spring.jpa.open-in-view to disable this warning
2020-09-18 18:21:13.937  INFO 12608 --- [task-1] o.hibernate.annotations.common.Version   : HCANN000001: Hibernate Commons Annotations {5.1.0.Final}
2020-09-18 18:21:14.145  INFO 12608 --- [task-1] org.hibernate.dialect.Dialect            : HHH000400: Using dialect: org.hibernate.dialect.H2Dialect
2020-09-18 18:21:14.496  INFO 12608 --- [restartedMain] o.s.b.w.embedded.tomcat.TomcatWebServer  : Tomcat started on port(s): 8081 (http) with context path '/employeedev'
2020-09-18 18:21:14.504  INFO 12608 --- [restartedMain] DeferredRepositoryInitializationListener : Triggering deferred initialization of Spring Data repositories…
2020-09-18 18:21:15.337  INFO 12608 --- [task-1] o.h.e.t.j.p.i.JtaPlatformInitiator       : HHH000490: Using JtaPlatform implementation: [org.hibernate.engine.transaction.jta.platform.internal.NoJtaPlatform]
2020-09-18 18:21:15.362  INFO 12608 --- [task-1] j.LocalContainerEntityManagerFactoryBean : Initialized JPA EntityManagerFactory for persistence unit 'default'
2020-09-18 18:21:15.791  INFO 12608 --- [restartedMain] DeferredRepositoryInitializationListener : Spring Data repositories initialized!
2020-09-18 18:21:15.816  INFO 12608 --- [restartedMain] EmployeemanagementapplicationApplication : Started EmployeemanagementapplicationApplication in 7.156 seconds (JVM running for 9.01)
2020-09-18 18:21:34.934  INFO 12608 --- [RMI TCP Connection(8)-127.0.0.1] inMXBeanRegistrar$SpringApplicationAdmin : Application shutdown requested.
2020-09-18 18:21:35.587  INFO 12608 --- [RMI TCP Connection(8)-127.0.0.1] j.LocalContainerEntityManagerFactoryBean : Closing JPA EntityManagerFactory for persistence unit 'default'
2020-09-18 18:21:35.590  INFO 12608 --- [RMI TCP Connection(8)-127.0.0.1] o.s.s.concurrent.ThreadPoolTaskExecutor  : Shutting down ExecutorService 'applicationTaskExecutor'
2020-09-18 18:21:35.615  WARN 12608 --- [RMI TCP Connection(8)-127.0.0.1] o.s.b.f.support.DisposableBeanAdapter    : Invocation of destroy method failed on bean with name 'inMemoryDatabaseShutdownExecutor': org.h2.jdbc.JdbcSQLNonTransientConnectionException: Database is already closed (to disable automatic closing at VM shutdown, add ";DB_CLOSE_ON_EXIT=FALSE" to the db URL) [90121-199]
2020-09-18 18:21:35.615  INFO 12608 --- [RMI TCP Connection(8)-127.0.0.1] com.zaxxer.hikari.HikariDataSource       : HikariPool-1 - Shutdown initiated...
2020-09-18 18:21:35.623  INFO 12608 --- [RMI TCP Connection(8)-127.0.0.1] com.zaxxer.hikari.HikariDataSource       : HikariPool-1 - Shutdown completed.
2020-09-18 19:02:53.432  INFO 20068 --- [restartedMain] EmployeemanagementapplicationApplication : Starting EmployeemanagementapplicationApplication on HYDPCM364477L with PID 20068 (C:\Users\sai.dhanukonda\git\FullStackProject\employeemanagementapplication\target\classes started by sai.dhanukonda in C:\Users\sai.dhanukonda\git\FullStackProject\employeemanagementapplication)
2020-09-18 19:02:53.440  INFO 20068 --- [restartedMain] EmployeemanagementapplicationApplication : The following profiles are active: dev
2020-09-18 19:02:53.583  INFO 20068 --- [restartedMain] .e.DevToolsPropertyDefaultsPostProcessor : Devtools property defaults active! Set 'spring.devtools.add-properties' to 'false' to disable
2020-09-18 19:02:53.583  INFO 20068 --- [restartedMain] .e.DevToolsPropertyDefaultsPostProcessor : For additional web related logging consider setting the 'logging.level.web' property to 'DEBUG'
2020-09-18 19:02:54.976  INFO 20068 --- [restartedMain] .s.d.r.c.RepositoryConfigurationDelegate : Bootstrapping Spring Data JPA repositories in DEFERRED mode.
2020-09-18 19:02:55.096  INFO 20068 --- [restartedMain] .s.d.r.c.RepositoryConfigurationDelegate : Finished Spring Data repository scanning in 99ms. Found 2 JPA repository interfaces.
2020-09-18 19:02:56.328  INFO 20068 --- [restartedMain] o.s.b.w.embedded.tomcat.TomcatWebServer  : Tomcat initialized with port(s): 8081 (http)
2020-09-18 19:02:56.344  INFO 20068 --- [restartedMain] o.apache.catalina.core.StandardService   : Starting service [Tomcat]
2020-09-18 19:02:56.344  INFO 20068 --- [restartedMain] org.apache.catalina.core.StandardEngine  : Starting Servlet engine: [Apache Tomcat/9.0.37]
2020-09-18 19:02:56.515  INFO 20068 --- [restartedMain] o.a.c.c.C.[.[localhost].[/employeedev]   : Initializing Spring embedded WebApplicationContext
2020-09-18 19:02:56.515  INFO 20068 --- [restartedMain] w.s.c.ServletWebServerApplicationContext : Root WebApplicationContext: initialization completed in 2932 ms
2020-09-18 19:02:56.607  INFO 20068 --- [restartedMain] com.zaxxer.hikari.HikariDataSource       : HikariPool-1 - Starting...
2020-09-18 19:02:56.748  INFO 20068 --- [restartedMain] com.zaxxer.hikari.HikariDataSource       : HikariPool-1 - Start completed.
2020-09-18 19:02:56.807  INFO 20068 --- [restartedMain] o.s.b.a.h2.H2ConsoleAutoConfiguration    : H2 console available at '/h2-console'. Database available at 'jdbc:h2:mem:test'
2020-09-18 19:02:56.948  INFO 20068 --- [restartedMain] o.s.b.d.a.OptionalLiveReloadServer       : LiveReload server is running on port 35729
2020-09-18 19:02:57.077  INFO 20068 --- [restartedMain] o.s.s.concurrent.ThreadPoolTaskExecutor  : Initializing ExecutorService 'applicationTaskExecutor'
2020-09-18 19:02:57.140  INFO 20068 --- [task-1] o.hibernate.jpa.internal.util.LogHelper  : HHH000204: Processing PersistenceUnitInfo [name: default]
2020-09-18 19:02:57.232  INFO 20068 --- [task-1] org.hibernate.Version                    : HHH000412: Hibernate ORM core version 5.4.20.Final
2020-09-18 19:02:57.377  WARN 20068 --- [restartedMain] JpaBaseConfiguration$JpaWebConfiguration : spring.jpa.open-in-view is enabled by default. Therefore, database queries may be performed during view rendering. Explicitly configure spring.jpa.open-in-view to disable this warning
2020-09-18 19:02:57.542  INFO 20068 --- [task-1] o.hibernate.annotations.common.Version   : HCANN000001: Hibernate Commons Annotations {5.1.0.Final}
2020-09-18 19:02:57.746  INFO 20068 --- [task-1] org.hibernate.dialect.Dialect            : HHH000400: Using dialect: org.hibernate.dialect.H2Dialect
2020-09-18 19:02:58.156  INFO 20068 --- [restartedMain] o.s.b.w.embedded.tomcat.TomcatWebServer  : Tomcat started on port(s): 8081 (http) with context path '/employeedev'
2020-09-18 19:02:58.156  INFO 20068 --- [restartedMain] DeferredRepositoryInitializationListener : Triggering deferred initialization of Spring Data repositories…
2020-09-18 19:02:59.032  INFO 20068 --- [task-1] o.h.e.t.j.p.i.JtaPlatformInitiator       : HHH000490: Using JtaPlatform implementation: [org.hibernate.engine.transaction.jta.platform.internal.NoJtaPlatform]
2020-09-18 19:02:59.040  INFO 20068 --- [task-1] j.LocalContainerEntityManagerFactoryBean : Initialized JPA EntityManagerFactory for persistence unit 'default'
2020-09-18 19:02:59.309  INFO 20068 --- [restartedMain] DeferredRepositoryInitializationListener : Spring Data repositories initialized!
2020-09-18 19:02:59.329  INFO 20068 --- [restartedMain] EmployeemanagementapplicationApplication : Started EmployeemanagementapplicationApplication in 7.347 seconds (JVM running for 9.119)
2020-09-18 19:04:51.243  INFO 20068 --- [Thread-10] j.LocalContainerEntityManagerFactoryBean : Closing JPA EntityManagerFactory for persistence unit 'default'
2020-09-18 19:04:51.251  INFO 20068 --- [Thread-10] o.s.s.concurrent.ThreadPoolTaskExecutor  : Shutting down ExecutorService 'applicationTaskExecutor'
2020-09-18 19:04:51.261  WARN 20068 --- [Thread-10] o.s.b.f.support.DisposableBeanAdapter    : Invocation of destroy method failed on bean with name 'inMemoryDatabaseShutdownExecutor': org.h2.jdbc.JdbcSQLNonTransientConnectionException: Database is already closed (to disable automatic closing at VM shutdown, add ";DB_CLOSE_ON_EXIT=FALSE" to the db URL) [90121-199]
2020-09-18 19:04:51.265  INFO 20068 --- [Thread-10] com.zaxxer.hikari.HikariDataSource       : HikariPool-1 - Shutdown initiated...
2020-09-18 19:04:51.265  INFO 20068 --- [Thread-10] com.zaxxer.hikari.HikariDataSource       : HikariPool-1 - Shutdown completed.
2020-09-18 19:04:53.058  WARN 20068 --- [restartedMain] JpaBaseConfiguration$JpaWebConfiguration : spring.jpa.open-in-view is enabled by default. Therefore, database queries may be performed during view rendering. Explicitly configure spring.jpa.open-in-view to disable this warning
2020-09-18 19:08:29.368  WARN 20068 --- [RMI TCP Connection(13)-127.0.0.1] o.s.b.f.support.DisposableBeanAdapter    : Invocation of destroy method failed on bean with name 'inMemoryDatabaseShutdownExecutor': org.h2.jdbc.JdbcSQLNonTransientConnectionException: Database is already closed (to disable automatic closing at VM shutdown, add ";DB_CLOSE_ON_EXIT=FALSE" to the db URL) [90121-199]
